{
  message: '[JobService] deleteJob - error:Error: Job not found',
  level: 'error',
  timestamp: '2023-05-16T14:16:09.209Z'
}
{
  message: '[JobService] deleteJob - error:Error: Job not found',
  level: 'error',
  timestamp: '2023-05-16T14:19:04.744Z'
}
{
  message: '[JobService] deleteJob - error:Error: Job not found',
  level: 'error',
  timestamp: '2023-05-16T14:19:04.749Z'
}
{
  message: '[JobService] deleteJob - error:Error: Job not found',
  level: 'error',
  timestamp: '2023-05-16T14:19:04.752Z'
}
{
  message: '[JobService] deleteJob - error:Error: Job not found',
  level: 'error',
  timestamp: '2023-05-16T14:19:56.041Z'
}
{
  message: '[JobService] deleteJob - error:Error: Job not found',
  level: 'error',
  timestamp: '2023-05-16T14:19:56.047Z'
}
{
  message: '[JobService] deleteJob - error:Error: Job not found',
  level: 'error',
  timestamp: '2023-05-16T14:19:56.051Z'
}
{
  message: '[JobService] deleteJob - error:Error: Job not found',
  level: 'error',
  timestamp: '2023-05-16T14:20:58.935Z'
}
{
  message: '[JobService] deleteJob - error:Error: Job not found',
  level: 'error',
  timestamp: '2023-05-16T14:20:58.939Z'
}
{
  message: '[JobService] deleteJob - error:Error: Job not found',
  level: 'error',
  timestamp: '2023-05-16T14:20:58.941Z'
}
{
  message: '[JobService] deleteJob - error:Error: Job not found',
  level: 'error',
  timestamp: '2023-05-16T14:22:13.365Z'
}
{
  message: '[JobService] deleteJob - error:Error: Job not found',
  level: 'error',
  timestamp: '2023-05-16T14:22:13.369Z'
}
{
  message: '[JobService] deleteJob - error:Error: Job not found',
  level: 'error',
  timestamp: '2023-05-16T14:22:13.372Z'
}
{
  message: '[JobService] deleteJob - error:Error: Job not found',
  level: 'error',
  timestamp: '2023-05-16T14:22:39.379Z'
}
{
  message: '[JobService] deleteJob - error:Error: Job not found',
  level: 'error',
  timestamp: '2023-05-16T14:22:39.384Z'
}
{
  message: '[JobService] deleteJob - error:Error: Job not found',
  level: 'error',
  timestamp: '2023-05-16T14:22:39.386Z'
}
{
  message: '[JobService] deleteJob - error:Error: Job not found',
  level: 'error',
  timestamp: '2023-05-16T14:23:58.068Z'
}
{
  message: '[JobService] deleteJob - error:Error: Job not found',
  level: 'error',
  timestamp: '2023-05-16T14:23:58.073Z'
}
{
  message: '[JobService] deleteJob - error:Error: Job not found',
  level: 'error',
  timestamp: '2023-05-16T14:23:58.075Z'
}
{
  message: '[JobService] deleteJob - error:Error: Job not found',
  level: 'error',
  timestamp: '2023-05-16T14:27:25.082Z'
}
{
  message: '[JobService] deleteJob - error:Error: Job not found',
  level: 'error',
  timestamp: '2023-05-16T14:27:25.087Z'
}
{
  message: '[JobService] deleteJob - error:Error: Job not found',
  level: 'error',
  timestamp: '2023-05-16T14:27:25.090Z'
}
{
  message: '[JobService] deleteJob - error:Error: Job not found',
  level: 'error',
  timestamp: '2023-05-16T14:28:39.299Z'
}
{
  message: '[JobService] deleteJob - error:Error: Job not found',
  level: 'error',
  timestamp: '2023-05-16T14:28:39.304Z'
}
{
  message: '[JobService] deleteJob - error:Error: Job not found',
  level: 'error',
  timestamp: '2023-05-16T14:28:39.306Z'
}
{
  message: '[JobService] deleteJob - error:Error: Job not found',
  level: 'error',
  timestamp: '2023-05-16T14:28:55.626Z'
}
{
  message: '[JobService] deleteJob - error:Error: Job not found',
  level: 'error',
  timestamp: '2023-05-16T14:28:55.632Z'
}
{
  message: '[JobService] deleteJob - error:Error: Job not found',
  level: 'error',
  timestamp: '2023-05-16T14:28:55.634Z'
}
{
  message: '[JobService] deleteJob - error:Error: Job not found',
  level: 'error',
  timestamp: '2023-05-16T14:30:08.845Z'
}
{
  message: '[JobService] deleteJob - error:Error: Unable to delete job',
  level: 'error',
  timestamp: '2023-05-16T14:30:08.849Z'
}
{
  message: '[JobService] deleteJob - error:Error: Job not found',
  level: 'error',
  timestamp: '2023-05-16T14:30:27.106Z'
}
{
  message: '[JobService] deleteJob - error:Error: Job not found',
  level: 'error',
  timestamp: '2023-05-16T14:30:27.111Z'
}
{
  message: '[JobService] deleteJob - error:Error: Job not found',
  level: 'error',
  timestamp: '2023-05-16T14:30:27.114Z'
}
{
  message: '[JobService] deleteJob - error:Error: Job not found',
  level: 'error',
  timestamp: '2023-05-16T14:33:19.708Z'
}
{
  message: '[JobService] deleteJob - error:Error: Job not found',
  level: 'error',
  timestamp: '2023-05-16T14:33:19.712Z'
}
{
  message: '[JobService] deleteJob - error:Error: Job not found',
  level: 'error',
  timestamp: '2023-05-16T14:35:38.723Z'
}
{
  message: '[JobService] deleteJob - error:Error: Job not found',
  level: 'error',
  timestamp: '2023-05-16T14:35:38.786Z'
}
{
  message: '[JobService] deleteJob - error:Error: Job not found',
  level: 'error',
  timestamp: '2023-05-16T14:37:21.567Z'
}
{
  message: '[JobService] deleteJob - error:Error: Job not found',
  level: 'error',
  timestamp: '2023-05-16T14:37:21.642Z'
}
{
  message: '[JobService] deleteJob - error:Error: Job not found',
  level: 'error',
  timestamp: '2023-05-16T14:38:00.107Z'
}
{
  message: '[JobService] deleteJob - error:Error: Job not found',
  level: 'error',
  timestamp: '2023-05-16T14:38:00.164Z'
}
{
  message: '[JobService] deleteJob - error:Error: Job not found',
  level: 'error',
  timestamp: '2023-05-16T14:40:28.776Z'
}
{
  message: '[JobService] deleteJob - error:Error: Job not found',
  level: 'error',
  timestamp: '2023-05-16T14:40:28.829Z'
}
{
  message: '[JobService] deleteJob - error:Error: Job not found',
  level: 'error',
  timestamp: '2023-05-16T14:42:06.831Z'
}
{
  message: '[JobService] deleteJob - error:Error: Unable to delete job',
  level: 'error',
  timestamp: '2023-05-16T14:42:06.834Z'
}
{
  message: '[JobService] deleteJob - error:Error: Job not found',
  level: 'error',
  timestamp: '2023-05-16T14:42:42.935Z'
}
{
  message: '[JobService] deleteJob - error:Error: Unable to delete job',
  level: 'error',
  timestamp: '2023-05-16T14:42:42.937Z'
}
{
  message: '[JobService] deleteJob - error:Error: Job not found',
  level: 'error',
  timestamp: '2023-05-16T14:42:53.201Z'
}
{
  message: '[JobService] deleteJob - error:Error: Unable to delete job',
  level: 'error',
  timestamp: '2023-05-16T14:42:53.202Z'
}
{
  message: '[JobService] editJob - error:Error: Job not found',
  level: 'error',
  timestamp: '2023-05-16T15:05:24.592Z'
}
{
  message: '[JobService] editJob - error:Error: Duplicate title: Job 1 already exists',
  level: 'error',
  timestamp: '2023-05-16T15:05:24.594Z'
}
{
  message: '[JobService] editJob - error:Error: Unable to edit job',
  level: 'error',
  timestamp: '2023-05-16T15:05:24.594Z'
}
{
  message: '[JobService] deleteJob - error:Error: Job not found',
  level: 'error',
  timestamp: '2023-05-16T15:05:24.596Z'
}
{
  message: '[JobService] deleteJob - error:Error: Unable to delete job',
  level: 'error',
  timestamp: '2023-05-16T15:05:24.596Z'
}
{
  message: '[JobService] editJob - error:Error: Job not found',
  level: 'error',
  timestamp: '2023-05-16T15:09:48.725Z'
}
{
  message: '[JobService] editJob - error:Error: Duplicate title: Job 1 already exists',
  level: 'error',
  timestamp: '2023-05-16T15:09:48.727Z'
}
{
  message: '[JobService] editJob - error:Error: Unable to edit job',
  level: 'error',
  timestamp: '2023-05-16T15:09:48.728Z'
}
{
  message: '[JobService] deleteJob - error:Error: Job not found',
  level: 'error',
  timestamp: '2023-05-16T15:09:48.729Z'
}
{
  message: '[JobService] deleteJob - error:Error: Unable to delete job',
  level: 'error',
  timestamp: '2023-05-16T15:09:48.730Z'
}
{
  message: '[JobService] addJob - error:Error: Duplicate title: Job 1 already exists',
  level: 'error',
  timestamp: '2023-05-16T15:10:47.851Z'
}
{
  message: '[JobService] addJob - error:Error: Unable to add job',
  level: 'error',
  timestamp: '2023-05-16T15:10:47.855Z'
}
{
  message: '[JobService] editJob - error:Error: Job not found',
  level: 'error',
  timestamp: '2023-05-16T15:10:47.856Z'
}
{
  message: '[JobService] editJob - error:Error: Duplicate title: Job 1 already exists',
  level: 'error',
  timestamp: '2023-05-16T15:10:47.857Z'
}
{
  message: '[JobService] editJob - error:Error: Unable to edit job',
  level: 'error',
  timestamp: '2023-05-16T15:10:47.858Z'
}
{
  message: '[JobService] deleteJob - error:Error: Job not found',
  level: 'error',
  timestamp: '2023-05-16T15:10:47.859Z'
}
{
  message: '[JobService] deleteJob - error:Error: Unable to delete job',
  level: 'error',
  timestamp: '2023-05-16T15:10:47.860Z'
}
{
  message: '[JobService] addJob - error:Error: Duplicate title: Job 1 already exists',
  level: 'error',
  timestamp: '2023-05-16T15:11:23.161Z'
}
{
  message: '[JobService] addJob - error:Error: Unable to add job',
  level: 'error',
  timestamp: '2023-05-16T15:11:23.162Z'
}
{
  message: '[JobService] editJob - error:Error: Job not found',
  level: 'error',
  timestamp: '2023-05-16T15:11:23.164Z'
}
{
  message: '[JobService] editJob - error:Error: Duplicate title: Job 1 already exists',
  level: 'error',
  timestamp: '2023-05-16T15:11:23.164Z'
}
{
  message: '[JobService] editJob - error:Error: Unable to edit job',
  level: 'error',
  timestamp: '2023-05-16T15:11:23.165Z'
}
{
  message: '[JobService] deleteJob - error:Error: Job not found',
  level: 'error',
  timestamp: '2023-05-16T15:11:23.168Z'
}
{
  message: '[JobService] deleteJob - error:Error: Unable to delete job',
  level: 'error',
  timestamp: '2023-05-16T15:11:23.169Z'
}
{
  message: '[JobService] addJob - error:Error: Duplicate title: Job 1 already exists',
  level: 'error',
  timestamp: '2023-05-16T15:11:42.800Z'
}
{
  message: '[JobService] addJob - error:Error: Unable to add job',
  level: 'error',
  timestamp: '2023-05-16T15:11:42.802Z'
}
{
  message: '[JobService] editJob - error:Error: Job not found',
  level: 'error',
  timestamp: '2023-05-16T15:11:42.804Z'
}
{
  message: '[JobService] editJob - error:Error: Duplicate title: Job 1 already exists',
  level: 'error',
  timestamp: '2023-05-16T15:11:42.804Z'
}
{
  message: '[JobService] editJob - error:Error: Unable to edit job',
  level: 'error',
  timestamp: '2023-05-16T15:11:42.805Z'
}
{
  message: '[JobService] deleteJob - error:Error: Job not found',
  level: 'error',
  timestamp: '2023-05-16T15:11:42.808Z'
}
{
  message: '[JobService] deleteJob - error:Error: Unable to delete job',
  level: 'error',
  timestamp: '2023-05-16T15:11:42.809Z'
}
{
  message: '[JobService] addJob - error:Error: Duplicate title: Job 1 already exists',
  level: 'error',
  timestamp: '2023-05-16T15:12:20.525Z'
}
{
  message: '[JobService] addJob - error:Error: Unable to add job',
  level: 'error',
  timestamp: '2023-05-16T15:12:20.527Z'
}
{
  message: '[JobService] editJob - error:Error: Job not found',
  level: 'error',
  timestamp: '2023-05-16T15:12:20.529Z'
}
{
  message: '[JobService] editJob - error:Error: Duplicate title: Job 1 already exists',
  level: 'error',
  timestamp: '2023-05-16T15:12:20.529Z'
}
{
  message: '[JobService] editJob - error:Error: Unable to edit job',
  level: 'error',
  timestamp: '2023-05-16T15:12:20.530Z'
}
{
  message: '[JobService] deleteJob - error:Error: Job not found',
  level: 'error',
  timestamp: '2023-05-16T15:12:20.532Z'
}
{
  message: '[JobService] deleteJob - error:Error: Unable to delete job',
  level: 'error',
  timestamp: '2023-05-16T15:12:20.533Z'
}
{
  message: '[JobService] addJob - error:Error: Duplicate title: Job 1 already exists',
  level: 'error',
  timestamp: '2023-05-16T15:12:46.686Z'
}
{
  message: '[JobService] addJob - error:Error: Unable to add job',
  level: 'error',
  timestamp: '2023-05-16T15:12:46.688Z'
}
{
  message: '[JobService] editJob - error:Error: Job not found',
  level: 'error',
  timestamp: '2023-05-16T15:12:46.690Z'
}
{
  message: '[JobService] editJob - error:Error: Duplicate title: Job 1 already exists',
  level: 'error',
  timestamp: '2023-05-16T15:12:46.690Z'
}
{
  message: '[JobService] editJob - error:Error: Unable to edit job',
  level: 'error',
  timestamp: '2023-05-16T15:12:46.691Z'
}
{
  message: '[JobService] deleteJob - error:Error: Job not found',
  level: 'error',
  timestamp: '2023-05-16T15:12:46.693Z'
}
{
  message: '[JobService] deleteJob - error:Error: Unable to delete job',
  level: 'error',
  timestamp: '2023-05-16T15:12:46.694Z'
}
{
  message: '[JobService] addJob - error:Error: Duplicate title: React Native Developer already exists',
  level: 'error',
  timestamp: '2023-05-16T15:14:14.871Z'
}
{
  message: '[JobService] addJob - error:Error: Duplicate title: Mobile Developer (Flutter) already exists',
  level: 'error',
  timestamp: '2023-05-16T15:14:51.530Z'
}
